<?xml version="1.0" encoding="UTF-8"?>
<!-- Generated by org.testng.reporters.JUnitReportReporter -->
<testsuite skipped="0" hostname="Johnson" name="qaclickacademy.SeleniumTest" tests="2" failures="0" timestamp="28 Mar 2018 01:14:33 GMT" time="0.024" errors="0">
  <testcase name="elementsUi" time="0.004" classname="qaclickacademy.SeleniumTest"/>
  <testcase name="BrowserAutomation" time="0.020" classname="qaclickacademy.SeleniumTest"/>
</testsuite> <!-- qaclickacademy.SeleniumTest -->
