<?xml version="1.0" encoding="UTF-8"?>
<!-- Generated by org.testng.reporters.JUnitReportReporter -->
<testsuite skipped="0" hostname="Johnson" name="qaclickacademy.RestApiTest" tests="2" failures="0" timestamp="28 Mar 2018 01:14:20 GMT" time="0.026" errors="0">
  <testcase name="postJira" time="0.000" classname="qaclickacademy.RestApiTest"/>
  <testcase name="deleteTwitter" time="0.026" classname="qaclickacademy.RestApiTest"/>
</testsuite> <!-- qaclickacademy.RestApiTest -->
