<?xml version="1.0" encoding="UTF-8"?>
<!-- Generated by org.testng.reporters.JUnitReportReporter -->
<testsuite skipped="0" hostname="Johnson" name="qaclickacademy.AppiumTest" tests="2" failures="0" timestamp="28 Mar 2018 01:14:43 GMT" time="0.024" errors="0">
  <testcase name="NativeAPpAndroid" time="0.004" classname="qaclickacademy.AppiumTest"/>
  <testcase name="IOSApps" time="0.020" classname="qaclickacademy.AppiumTest"/>
</testsuite> <!-- qaclickacademy.AppiumTest -->
