<?xml version="1.0" encoding="UTF-8"?>
<!-- Generated by org.testng.reporters.JUnitReportReporter -->
<testsuite skipped="0" hostname="Johnson" name="qaclickacademy.SeleniumTest" tests="2" failures="0" timestamp="01 Apr 2018 19:34:57 GMT" time="0.018" errors="0">
  <testcase name="elementsUi" time="0.001" classname="qaclickacademy.SeleniumTest"/>
  <testcase name="BrowserAutomation" time="0.017" classname="qaclickacademy.SeleniumTest"/>
</testsuite> <!-- qaclickacademy.SeleniumTest -->
